"C:/Users/Cameron/Documents/mobile/unreal_app/bird_away/Content/Floortiles/Blueprints/pipe_1.uasset" 0
"C:/Users/Cameron/Documents/mobile/unreal_app/bird_away/Content/Floortiles/Blueprints/pipe_1.uexp" 1
"C:/Users/Cameron/Documents/mobile/unreal_app/bird_away/Content/Floortiles/textures/baisc.uasset" 2
"C:/Users/Cameron/Documents/mobile/unreal_app/bird_away/Content/Floortiles/textures/baisc.uexp" 3
"C:/Users/Cameron/Documents/mobile/unreal_app/bird_away/Content/Floortiles/textures/coin2.uasset" 4
"C:/Users/Cameron/Documents/mobile/unreal_app/bird_away/Content/Floortiles/textures/coin2.uexp" 5
"C:/Users/Cameron/Documents/mobile/unreal_app/bird_away/Content/Mannequin/Character/Mesh/SK_Mannequin_Skeleton.uasset" 6
"C:/Users/Cameron/Documents/mobile/unreal_app/bird_away/Content/Mannequin/Character/Mesh/SK_Mannequin_Skeleton.uexp" 7
"C:/Users/Cameron/Documents/mobile/unreal_app/bird_away/Content/Mannequin/Animations/ThirdPerson_Jump.uasset" 8
"C:/Users/Cameron/Documents/mobile/unreal_app/bird_away/Content/Mannequin/Animations/ThirdPerson_Jump.uexp" 9
"C:/Users/Cameron/Documents/mobile/unreal_app/bird_away/Content/Mannequin/Character/Mesh/SK_Mannequin_PhysicsAsset.uasset" 10
"C:/Users/Cameron/Documents/mobile/unreal_app/bird_away/Content/Mannequin/Character/Mesh/SK_Mannequin_PhysicsAsset.uexp" 11
"../../../Engine/Content/Animation/DefaultAnimBoneCompressionSettings.uasset" 12
"../../../Engine/Content/Animation/DefaultAnimBoneCompressionSettings.uexp" 13
"../../../Engine/Content/Animation/DefaultAnimCurveCompressionSettings.uasset" 14
"../../../Engine/Content/Animation/DefaultAnimCurveCompressionSettings.uexp" 15
"../../../Engine/Content/EngineMaterials/T_Default_Material_Grid_N.uasset" 16
"../../../Engine/Content/EngineMaterials/T_Default_Material_Grid_N.uexp" 17
"../../../Engine/Content/EngineMaterials/T_Default_Material_Grid_N.ubulk" 18
"../../../Engine/Content/EngineMaterials/T_Default_Material_Grid_M.uasset" 19
"../../../Engine/Content/EngineMaterials/T_Default_Material_Grid_M.uexp" 20
"../../../Engine/Content/EngineMaterials/T_Default_Material_Grid_M.ubulk" 21
"../../../Engine/Content/Functions/Engine_MaterialFunctions01/Opacity/CameraDepthFade.uasset" 22
"../../../Engine/Content/Functions/Engine_MaterialFunctions01/Opacity/CameraDepthFade.uexp" 23
"../../../Engine/Content/EngineMaterials/WorldGridMaterial.uasset" 24
"../../../Engine/Content/EngineMaterials/WorldGridMaterial.uexp" 25
"../../../Engine/Content/ArtTools/RenderToTexture/Meshes/S_1_Unit_Plane.uasset" 26
"../../../Engine/Content/ArtTools/RenderToTexture/Meshes/S_1_Unit_Plane.uexp" 27
"../../../Engine/Content/EngineMaterials/DefaultMaterial.uasset" 28
"../../../Engine/Content/EngineMaterials/DefaultMaterial.uexp" 29
"../../../Engine/Content/BasicShapes/Cone.uasset" 30
"../../../Engine/Content/BasicShapes/Cone.uexp" 31
"../../../Engine/Content/BasicShapes/Plane.uasset" 32
"../../../Engine/Content/BasicShapes/Plane.uexp" 33
"../../../Engine/Content/EditorLandscapeResources/DataLayer.uasset" 34
"../../../Engine/Content/EditorLandscapeResources/DataLayer.uexp" 35
"../../../Engine/Content/EditorLandscapeResources/DefaultAlphaTexture.uasset" 36
"../../../Engine/Content/EditorLandscapeResources/DefaultAlphaTexture.uexp" 37
"../../../Engine/Content/EditorMaterials/MAT_Groups_Toggle.uasset" 38
"../../../Engine/Content/EditorMaterials/MAT_Groups_Toggle.uexp" 39
"../../../Engine/Content/EditorMaterials/MAT_Groups_Visibility.uasset" 40
"../../../Engine/Content/EditorMaterials/MAT_Groups_Visibility.uexp" 41
"../../../Engine/Content/EditorMaterials/PreviewShadowIndicator.uasset" 42
"../../../Engine/Content/EditorMaterials/PreviewShadowIndicator.uexp" 43
"../../../Engine/Content/EditorMaterials/PreviewShadowIndicator.ubulk" 44
"../../../Engine/Content/EditorMaterials/PreviewShadowIndicatorMaterial.uasset" 45
"../../../Engine/Content/EditorMaterials/PreviewShadowIndicatorMaterial.uexp" 46
"../../../Engine/Content/EditorMaterials/MatineeGroups/MAT_ColorTrack.uasset" 47
"../../../Engine/Content/EditorMaterials/MatineeGroups/MAT_ColorTrack.uexp" 48
"../../../Engine/Content/EditorMaterials/MatineeGroups/MAT_Groups_Anim.uasset" 49
"../../../Engine/Content/EditorMaterials/MatineeGroups/MAT_Groups_Anim.uexp" 50
"../../../Engine/Content/EditorMaterials/MatineeGroups/MAT_Groups_AudioMaster.uasset" 51
"../../../Engine/Content/EditorMaterials/MatineeGroups/MAT_Groups_AudioMaster.uexp" 52
"../../../Engine/Content/EditorMaterials/MatineeGroups/MAT_Groups_Director.uasset" 53
"../../../Engine/Content/EditorMaterials/MatineeGroups/MAT_Groups_Director.uexp" 54
"../../../Engine/Content/EditorMaterials/MatineeGroups/MAT_Groups_Event.uasset" 55
"../../../Engine/Content/EditorMaterials/MatineeGroups/MAT_Groups_Event.uexp" 56
"../../../Engine/Content/EditorMaterials/MatineeGroups/MAT_Groups_Fade.uasset" 57
"../../../Engine/Content/EditorMaterials/MatineeGroups/MAT_Groups_Fade.uexp" 58
"../../../Engine/Content/EditorMaterials/MatineeGroups/MAT_Groups_Float.uasset" 59
"../../../Engine/Content/EditorMaterials/MatineeGroups/MAT_Groups_Float.uexp" 60
"../../../Engine/Content/EditorMaterials/MatineeGroups/MAT_Groups_Move.uasset" 61
"../../../Engine/Content/EditorMaterials/MatineeGroups/MAT_Groups_Move.uexp" 62
"../../../Engine/Content/EditorMaterials/MatineeGroups/MAT_Groups_Slomo.uasset" 63
"../../../Engine/Content/EditorMaterials/MatineeGroups/MAT_Groups_Slomo.uexp" 64
"../../../Engine/Content/EditorMaterials/MatineeGroups/MAT_Groups_Sound.uasset" 65
"../../../Engine/Content/EditorMaterials/MatineeGroups/MAT_Groups_Sound.uexp" 66
"../../../Engine/Content/EditorMaterials/MatineeGroups/MAT_Groups_Vector.uasset" 67
"../../../Engine/Content/EditorMaterials/MatineeGroups/MAT_Groups_Vector.uexp" 68
"../../../Engine/Content/EditorMaterials/ParticleSystems/PSysThumbnail_NoImage.uasset" 69
"../../../Engine/Content/EditorMaterials/ParticleSystems/PSysThumbnail_NoImage.uexp" 70
"../../../Engine/Content/EditorMaterials/ParticleSystems/PSysThumbnail_NoImage.ubulk" 71
"../../../Engine/Content/EditorMaterials/ParticleSystems/PSysThumbnail_OOD.uasset" 72
"../../../Engine/Content/EditorMaterials/ParticleSystems/PSysThumbnail_OOD.uexp" 73
"../../../Engine/Content/EditorMaterials/ParticleSystems/PSysThumbnail_OOD.ubulk" 74
"../../../Engine/Content/EditorMaterials/Camera/CineMat.uasset" 75
"../../../Engine/Content/EditorMaterials/Camera/CineMat.uexp" 76
"../../../Engine/Content/EditorMaterials/Camera/MI_CineMat_Rig.uasset" 77
"../../../Engine/Content/EditorMaterials/Camera/MI_CineMat_Rig.uexp" 78
"../../../Engine/Content/EditorMeshes/Camera/SM_CraneRig_Arm.uasset" 79
"../../../Engine/Content/EditorMeshes/Camera/SM_CraneRig_Arm.uexp" 80
"../../../Engine/Content/EditorMeshes/Camera/SM_CraneRig_Base.uasset" 81
"../../../Engine/Content/EditorMeshes/Camera/SM_CraneRig_Base.uexp" 82
"../../../Engine/Content/EditorMeshes/Camera/SM_CraneRig_Body.uasset" 83
"../../../Engine/Content/EditorMeshes/Camera/SM_CraneRig_Body.uexp" 84
"../../../Engine/Content/EditorMeshes/Camera/SM_CraneRig_Mount.uasset" 85
"../../../Engine/Content/EditorMeshes/Camera/SM_CraneRig_Mount.uexp" 86
"../../../Engine/Content/EditorMeshes/Camera/SM_RailRig_Mount.uasset" 87
"../../../Engine/Content/EditorMeshes/Camera/SM_RailRig_Mount.uexp" 88
"../../../Engine/Content/EditorMeshes/Camera/SM_RailRig_Track.uasset" 89
"../../../Engine/Content/EditorMeshes/Camera/SM_RailRig_Track.uexp" 90
"../../../Engine/Content/EditorResources/BSPVertex.uasset" 91
"../../../Engine/Content/EditorResources/BSPVertex.uexp" 92
"../../../Engine/Content/EditorResources/EmptyActor.uasset" 93
"../../../Engine/Content/EditorResources/EmptyActor.uexp" 94
"../../../Engine/Content/EditorResources/S_Actor.uasset" 95
"../../../Engine/Content/EditorResources/S_Actor.uexp" 96
"../../../Engine/Content/EditorResources/S_Actor.ubulk" 97
"../../../Engine/Content/EditorResources/S_Note.uasset" 98
"../../../Engine/Content/EditorResources/S_Note.uexp" 99
"../../../Engine/Content/EditorResources/S_Note.ubulk" 100
"../../../Engine/Content/EditorResources/S_Solver.uasset" 101
"../../../Engine/Content/EditorResources/S_Solver.uexp" 102
"../../../Engine/Content/EditorResources/S_Solver.ubulk" 103
"../../../Engine/Content/EditorResources/S_Terrain.uasset" 104
"../../../Engine/Content/EditorResources/S_Terrain.uexp" 105
"../../../Engine/Content/EditorResources/S_Terrain.ubulk" 106
"../../../Engine/Content/EditorResources/S_Trigger.uasset" 107
"../../../Engine/Content/EditorResources/S_Trigger.uexp" 108
"../../../Engine/Content/EditorResources/S_Trigger.ubulk" 109
"../../../Engine/Content/EditorResources/LightIcons/S_LightError.uasset" 110
"../../../Engine/Content/EditorResources/LightIcons/S_LightError.uexp" 111
"../../../Engine/Content/EditorResources/SequenceRecorder/Countdown.uasset" 112
"../../../Engine/Content/EditorResources/SequenceRecorder/Countdown.uexp" 113
"../../../Engine/Content/EditorResources/SequenceRecorder/RecordingIndicator.uasset" 114
"../../../Engine/Content/EditorResources/SequenceRecorder/RecordingIndicator.uexp" 115
"../../../Engine/Content/EngineDamageTypes/DmgTypeBP_Environmental.uasset" 116
"../../../Engine/Content/EngineDamageTypes/DmgTypeBP_Environmental.uexp" 117
"../../../Engine/Content/EngineDebugMaterials/DebugEditorMaterial.uasset" 118
"../../../Engine/Content/EngineDebugMaterials/DebugEditorMaterial.uexp" 119
"../../../Engine/Content/EngineDebugMaterials/DebugMeshMaterial.uasset" 120
"../../../Engine/Content/EngineDebugMaterials/DebugMeshMaterial.uexp" 121
"../../../Engine/Content/EngineDebugMaterials/M_SimpleUnlitTranslucent.uasset" 122
"../../../Engine/Content/EngineDebugMaterials/M_SimpleUnlitTranslucent.uexp" 123
"../../../Engine/Content/EngineDebugMaterials/VolumeToRender.uasset" 124
"../../../Engine/Content/EngineDebugMaterials/VolumeToRender.uexp" 125
"../../../Engine/Content/Functions/Engine_MaterialFunctions02/Utility/CameraDirectionVector.uasset" 126
"../../../Engine/Content/Functions/Engine_MaterialFunctions02/Utility/CameraDirectionVector.uexp" 127
"../../../Engine/Content/EngineDebugMaterials/M_VolumeRenderSphereTracePP.uasset" 128
"../../../Engine/Content/EngineDebugMaterials/M_VolumeRenderSphereTracePP.uexp" 129
"../../../Engine/Content/Functions/Engine_MaterialFunctions01/Shading/ConvertFromDiffSpec.uasset" 130
"../../../Engine/Content/Functions/Engine_MaterialFunctions01/Shading/ConvertFromDiffSpec.uexp" 131
"../../../Engine/Content/EngineDebugMaterials/VertexColorMaterial.uasset" 132
"../../../Engine/Content/EngineDebugMaterials/VertexColorMaterial.uexp" 133
"../../../Engine/Content/EngineDebugMaterials/WireframeMaterial.uasset" 134
"../../../Engine/Content/EngineDebugMaterials/WireframeMaterial.uexp" 135
"../../../Engine/Content/EngineFonts/Faces/DroidSansFallback.uasset" 136
"../../../Engine/Content/EngineFonts/Faces/DroidSansFallback.uexp" 137
"../../../Engine/Content/EngineFonts/Faces/DroidSansFallback.ufont" 138
"../../../Engine/Content/EngineFonts/Faces/RobotoRegular.uasset" 139
"../../../Engine/Content/EngineFonts/Faces/RobotoRegular.uexp" 140
"../../../Engine/Content/EngineFonts/Faces/RobotoRegular.ufont" 141
"../../../Engine/Content/EngineFonts/Faces/RobotoLight.uasset" 142
"../../../Engine/Content/EngineFonts/Faces/RobotoLight.uexp" 143
"../../../Engine/Content/EngineFonts/Faces/RobotoLight.ufont" 144
"../../../Engine/Content/EngineFonts/Faces/RobotoItalic.uasset" 145
"../../../Engine/Content/EngineFonts/Faces/RobotoItalic.uexp" 146
"../../../Engine/Content/EngineFonts/Faces/RobotoItalic.ufont" 147
"../../../Engine/Content/EngineFonts/Faces/RobotoBoldItalic.uasset" 148
"../../../Engine/Content/EngineFonts/Faces/RobotoBoldItalic.uexp" 149
"../../../Engine/Content/EngineFonts/Faces/RobotoBoldItalic.ufont" 150
"../../../Engine/Content/EngineFonts/Faces/RobotoBold.uasset" 151
"../../../Engine/Content/EngineFonts/Faces/RobotoBold.uexp" 152
"../../../Engine/Content/EngineFonts/Faces/RobotoBold.ufont" 153
"../../../Engine/Content/EngineFonts/Roboto.uasset" 154
"../../../Engine/Content/EngineFonts/Roboto.uexp" 155
"../../../Engine/Content/EngineMaterials/BaseFlattenNormalMap.uasset" 156
"../../../Engine/Content/EngineMaterials/BaseFlattenNormalMap.uexp" 157
"../../../Engine/Content/EngineMaterials/BaseFlattenGrayscaleMap.uasset" 158
"../../../Engine/Content/EngineMaterials/BaseFlattenGrayscaleMap.uexp" 159
"../../../Engine/Content/EngineMaterials/BaseFlattenEmissiveMap.uasset" 160
"../../../Engine/Content/EngineMaterials/BaseFlattenEmissiveMap.uexp" 161
"../../../Engine/Content/EngineMaterials/BaseFlattenDiffuseMap.uasset" 162
"../../../Engine/Content/EngineMaterials/BaseFlattenDiffuseMap.uexp" 163
"../../../Engine/Content/EngineMaterials/BaseFlattenMaterial.uasset" 164
"../../../Engine/Content/EngineMaterials/BaseFlattenMaterial.uexp" 165
"../../../Engine/Content/EngineMaterials/BlueNoise.uasset" 166
"../../../Engine/Content/EngineMaterials/BlueNoise.uexp" 167
"../../../Engine/Content/EngineMaterials/DefaultBloomKernel.uasset" 168
"../../../Engine/Content/EngineMaterials/DefaultBloomKernel.uexp" 169
"../../../Engine/Content/EngineMaterials/DefaultBokeh.uasset" 170
"../../../Engine/Content/EngineMaterials/DefaultBokeh.uexp" 171
"../../../Engine/Content/EngineMaterials/DefaultDiffuse.uasset" 172
"../../../Engine/Content/EngineMaterials/DefaultDiffuse.uexp" 173
"../../../Engine/Content/EngineMaterials/DefaultDiffuse.ubulk" 174
"../../../Engine/Content/EngineMaterials/DefaultDeferredDecalMaterial.uasset" 175
"../../../Engine/Content/EngineMaterials/DefaultDeferredDecalMaterial.uexp" 176
"../../../Engine/Content/EngineMaterials/DefaultLightFunctionMaterial.uasset" 177
"../../../Engine/Content/EngineMaterials/DefaultLightFunctionMaterial.uexp" 178
"../../../Engine/Content/EngineMaterials/DefaultPhysicalMaterial.uasset" 179
"../../../Engine/Content/EngineMaterials/DefaultPhysicalMaterial.uexp" 180
"../../../Engine/Content/Functions/Engine_MaterialFunctions02/Utility/BreakOutFloat2Components.uasset" 181
"../../../Engine/Content/Functions/Engine_MaterialFunctions02/Utility/BreakOutFloat2Components.uexp" 182
"../../../Engine/Content/EngineMaterials/DefaultPostProcessMaterial.uasset" 183
"../../../Engine/Content/EngineMaterials/DefaultPostProcessMaterial.uexp" 184
"../../../Engine/Content/EngineFonts/RobotoDistanceField.uasset" 185
"../../../Engine/Content/EngineFonts/RobotoDistanceField.uexp" 186
"../../../Engine/Content/EngineMaterials/DefaultTextMaterialOpaque.uasset" 187
"../../../Engine/Content/EngineMaterials/DefaultTextMaterialOpaque.uexp" 188
"../../../Engine/Content/EngineMaterials/DefaultWhiteGrid.uasset" 189
"../../../Engine/Content/EngineMaterials/DefaultWhiteGrid.uexp" 190
"../../../Engine/Content/EngineMaterials/DefaultWhiteGrid.ubulk" 191
"../../../Engine/Content/EngineMaterials/DefaultWhiteGrid_Low.uasset" 192
"../../../Engine/Content/EngineMaterials/DefaultWhiteGrid_Low.uexp" 193
"../../../Engine/Content/EngineMaterials/EmissiveMeshMaterial.uasset" 194
"../../../Engine/Content/EngineMaterials/EmissiveMeshMaterial.uexp" 195
"../../../Engine/Content/EngineMaterials/GizmoMaterial.uasset" 196
"../../../Engine/Content/EngineMaterials/GizmoMaterial.uexp" 197
"../../../Engine/Content/EngineMaterials/Good64x64TilingNoiseHighFreq.uasset" 198
"../../../Engine/Content/EngineMaterials/Good64x64TilingNoiseHighFreq.uexp" 199
"../../../Engine/Content/EngineMaterials/MiniFont.uasset" 200
"../../../Engine/Content/EngineMaterials/MiniFont.uexp" 201
"../../../Engine/Content/EngineMaterials/InvalidLightmapSettings.uasset" 202
"../../../Engine/Content/EngineMaterials/InvalidLightmapSettings.uexp" 203
"../../../Engine/Content/EngineMaterials/InvalidLightmapSettings.ubulk" 204
"../../../Engine/Content/EngineMaterials/M_InvalidLightmapSettings.uasset" 205
"../../../Engine/Content/EngineMaterials/M_InvalidLightmapSettings.uexp" 206
"../../../Engine/Content/Functions/Engine_MaterialFunctions02/WorldPositionOffset/CameraOffset.uasset" 207
"../../../Engine/Content/Functions/Engine_MaterialFunctions02/WorldPositionOffset/CameraOffset.uexp" 208
"../../../Engine/Content/EngineMaterials/PhAT_JointLimitMaterial.uasset" 209
"../../../Engine/Content/EngineMaterials/PhAT_JointLimitMaterial.uexp" 210
"../../../Engine/Content/EngineMaterials/DefaultCalibrationColor.uasset" 211
"../../../Engine/Content/EngineMaterials/DefaultCalibrationColor.uexp" 212
"../../../Engine/Content/EngineMaterials/PPM_DefaultCalibrationColor.uasset" 213
"../../../Engine/Content/EngineMaterials/PPM_DefaultCalibrationColor.uexp" 214
"../../../Engine/Content/EngineMaterials/DefaultCalibrationGrayscale.uasset" 215
"../../../Engine/Content/EngineMaterials/DefaultCalibrationGrayscale.uexp" 216
"../../../Engine/Content/EngineMaterials/PPM_DefaultCalibrationGrayscale.uasset" 217
"../../../Engine/Content/EngineMaterials/PPM_DefaultCalibrationGrayscale.uexp" 218
"../../../Engine/Content/EngineMaterials/PreintegratedSkinBRDF.uasset" 219
"../../../Engine/Content/EngineMaterials/PreintegratedSkinBRDF.uexp" 220
"../../../Engine/Content/EngineMaterials/RemoveSurfaceMaterial.uasset" 221
"../../../Engine/Content/EngineMaterials/RemoveSurfaceMaterial.uexp" 222
"../../../Engine/Content/EngineMaterials/WeightMapPlaceholderTexture.uasset" 223
"../../../Engine/Content/EngineMaterials/WeightMapPlaceholderTexture.uexp" 224
"../../../Engine/Content/EngineResources/WhiteSquareTexture.uasset" 225
"../../../Engine/Content/EngineResources/WhiteSquareTexture.uexp" 226
"../../../Engine/Content/EngineMaterials/Widget3DPassThrough.uasset" 227
"../../../Engine/Content/EngineMaterials/Widget3DPassThrough.uexp" 228
"../../../Engine/Content/EngineMaterials/Widget3DPassThrough_Masked.uasset" 229
"../../../Engine/Content/EngineMaterials/Widget3DPassThrough_Masked.uexp" 230
"../../../Engine/Content/EngineMaterials/Widget3DPassThrough_Opaque.uasset" 231
"../../../Engine/Content/EngineMaterials/Widget3DPassThrough_Opaque.uexp" 232
"../../../Engine/Content/EngineMaterials/Widget3DPassThrough_Masked_OneSided.uasset" 233
"../../../Engine/Content/EngineMaterials/Widget3DPassThrough_Masked_OneSided.uexp" 234
"../../../Engine/Content/EngineMaterials/Widget3DPassThrough_Opaque_OneSided.uasset" 235
"../../../Engine/Content/EngineMaterials/Widget3DPassThrough_Opaque_OneSided.uexp" 236
"../../../Engine/Content/EngineMaterials/Widget3DPassThrough_Translucent.uasset" 237
"../../../Engine/Content/EngineMaterials/Widget3DPassThrough_Translucent.uexp" 238
"../../../Engine/Content/EngineMaterials/Widget3DPassThrough_Translucent_OneSided.uasset" 239
"../../../Engine/Content/EngineMaterials/Widget3DPassThrough_Translucent_OneSided.uexp" 240
"../../../Engine/Content/EngineMeshes/Cylinder.uasset" 241
"../../../Engine/Content/EngineMeshes/Cylinder.uexp" 242
"../../../Engine/Content/EngineMeshes/Sphere.uasset" 243
"../../../Engine/Content/EngineMeshes/Sphere.uexp" 244
"../../../Engine/Content/EngineResources/DefaultTexture.uasset" 245
"../../../Engine/Content/EngineResources/DefaultTexture.uexp" 246
"../../../Engine/Content/EngineResources/DefaultTexture.ubulk" 247
"../../../Engine/Content/EngineResources/DefaultTextureCube.uasset" 248
"../../../Engine/Content/EngineResources/DefaultTextureCube.uexp" 249
"../../../Engine/Content/EngineResources/DefaultVolumeTexture2D.uasset" 250
"../../../Engine/Content/EngineResources/DefaultVolumeTexture2D.uexp" 251
"../../../Engine/Content/EngineResources/DefaultVolumeTexture.uasset" 252
"../../../Engine/Content/EngineResources/DefaultVolumeTexture.uexp" 253
"../../../Engine/Content/EngineResources/GradientTexture0.uasset" 254
"../../../Engine/Content/EngineResources/GradientTexture0.uexp" 255
"../../../Engine/Content/EngineSky/VolumetricClouds/T_NoiseShape64.uasset" 256
"../../../Engine/Content/EngineSky/VolumetricClouds/T_NoiseShape64.uexp" 257
"../../../Engine/Content/EngineSky/VolumetricClouds/T_NoiseShape64.ubulk" 258
"../../../Engine/Content/EngineSky/VolumetricClouds/T_VolumeNoiseShape64.uasset" 259
"../../../Engine/Content/EngineSky/VolumetricClouds/T_VolumeNoiseShape64.uexp" 260
"../../../Engine/Content/EngineSky/VolumetricClouds/T_NoiseErosion.uasset" 261
"../../../Engine/Content/EngineSky/VolumetricClouds/T_NoiseErosion.uexp" 262
"../../../Engine/Content/EngineSky/VolumetricClouds/T_NoiseErosion.ubulk" 263
"../../../Engine/Content/EngineSky/VolumetricClouds/T_VolumeNoiseErosion32.uasset" 264
"../../../Engine/Content/EngineSky/VolumetricClouds/T_VolumeNoiseErosion32.uexp" 265
"../../../Engine/Content/EngineSky/VolumetricClouds/CloudWeatherTexture.uasset" 266
"../../../Engine/Content/EngineSky/VolumetricClouds/CloudWeatherTexture.uexp" 267
"../../../Engine/Content/EngineSky/VolumetricClouds/CloudGradientTexture.uasset" 268
"../../../Engine/Content/EngineSky/VolumetricClouds/CloudGradientTexture.uexp" 269
"../../../Engine/Content/Functions/Engine_MaterialFunctions02/Utility/MakeFloat2.uasset" 270
"../../../Engine/Content/Functions/Engine_MaterialFunctions02/Utility/MakeFloat2.uexp" 271
"../../../Engine/Content/EngineSky/VolumetricClouds/m_SimpleVolumetricCloud.uasset" 272
"../../../Engine/Content/EngineSky/VolumetricClouds/m_SimpleVolumetricCloud.uexp" 273
"../../../Engine/Content/EngineSky/VolumetricClouds/m_SimpleVolumetricCloud_Inst.uasset" 274
"../../../Engine/Content/EngineSky/VolumetricClouds/m_SimpleVolumetricCloud_Inst.uexp" 275
"../../../Engine/Content/EngineSounds/Master.uasset" 276
"../../../Engine/Content/EngineSounds/Master.uexp" 277
"../../../Engine/Content/Functions/Engine_MaterialFunctions01/Shading/PowerToRoughness.uasset" 278
"../../../Engine/Content/Functions/Engine_MaterialFunctions01/Shading/PowerToRoughness.uexp" 279
"../../../Engine/Content/Maps/Templates/Thumbnails/Default.uasset" 280
"../../../Engine/Content/Maps/Templates/Thumbnails/Default.uexp" 281
"../../../Engine/Content/Maps/Templates/Thumbnails/TimeOfDay.uasset" 282
"../../../Engine/Content/Maps/Templates/Thumbnails/TimeOfDay.uexp" 283
"../../../Engine/Content/Maps/Templates/Thumbnails/VR-Basic.uasset" 284
"../../../Engine/Content/Maps/Templates/Thumbnails/VR-Basic.uexp" 285
"../../../Engine/Content/MobileResources/T_MobileControls_texture.uasset" 286
"../../../Engine/Content/MobileResources/T_MobileControls_texture.uexp" 287
"../../../Engine/Content/MobileResources/T_MobileMenu2.uasset" 288
"../../../Engine/Content/MobileResources/T_MobileMenu2.uexp" 289
"../../../Engine/Content/MobileResources/HUD/AnalogHat.uasset" 290
"../../../Engine/Content/MobileResources/HUD/AnalogHat.uexp" 291
"../../../Engine/Content/MobileResources/HUD/VirtualJoystick_Thumb.uasset" 292
"../../../Engine/Content/MobileResources/HUD/VirtualJoystick_Thumb.uexp" 293
"../../../Engine/Content/MobileResources/HUD/VirtualJoystick_Background.uasset" 294
"../../../Engine/Content/MobileResources/HUD/VirtualJoystick_Background.uexp" 295
"../../../Engine/Content/MobileResources/HUD/DefaultVirtualJoysticks.uasset" 296
"../../../Engine/Content/MobileResources/HUD/DefaultVirtualJoysticks.uexp" 297
"../../../Engine/Content/MobileResources/HUD/LeftVirtualJoystickOnly.uasset" 298
"../../../Engine/Content/MobileResources/HUD/LeftVirtualJoystickOnly.uexp" 299
"../../../Engine/Content/MobileResources/HUD/MobileHUDButton1_off.uasset" 300
"../../../Engine/Content/MobileResources/HUD/MobileHUDButton1_off.uexp" 301
"../../../Engine/Content/MobileResources/HUD/MobileHUDButton1_on.uasset" 302
"../../../Engine/Content/MobileResources/HUD/MobileHUDButton1_on.uexp" 303
"../../../Engine/Content/MobileResources/HUD/MobileHUDButton2_off.uasset" 304
"../../../Engine/Content/MobileResources/HUD/MobileHUDButton2_off.uexp" 305
"../../../Engine/Content/MobileResources/HUD/MobileHUDButton2_on.uasset" 306
"../../../Engine/Content/MobileResources/HUD/MobileHUDButton2_on.uexp" 307
"../../../Engine/Content/MobileResources/HUD/MobileHUDButton3.uasset" 308
"../../../Engine/Content/MobileResources/HUD/MobileHUDButton3.uexp" 309
"../../../Engine/Content/MobileResources/HUD/MobileHUDButtonFire.uasset" 310
"../../../Engine/Content/MobileResources/HUD/MobileHUDButtonFire.uexp" 311
"../../../Engine/Content/MobileResources/HUD/MobileHUDDirectionPad.uasset" 312
"../../../Engine/Content/MobileResources/HUD/MobileHUDDirectionPad.uexp" 313
"../../../Engine/Content/MobileResources/HUD/MobileHUDDirectionPad2.uasset" 314
"../../../Engine/Content/MobileResources/HUD/MobileHUDDirectionPad2.uexp" 315
"../../../Engine/Content/MobileResources/HUD/MobileHUDDirectionPad3.uasset" 316
"../../../Engine/Content/MobileResources/HUD/MobileHUDDirectionPad3.uexp" 317
"../../../Engine/Content/MobileResources/HUD/MobileHUDDirectionStick.uasset" 318
"../../../Engine/Content/MobileResources/HUD/MobileHUDDirectionStick.uexp" 319
"../../../Engine/Content/MobileResources/HUD/T_Castle_ThumbstickInner.uasset" 320
"../../../Engine/Content/MobileResources/HUD/T_Castle_ThumbstickInner.uexp" 321
"../../../Engine/Content/MobileResources/HUD/T_Castle_ThumbstickOutter.uasset" 322
"../../../Engine/Content/MobileResources/HUD/T_Castle_ThumbstickOutter.uexp" 323
"../../../Engine/Content/Tutorial/ContentIntroCurve.uasset" 324
"../../../Engine/Content/Tutorial/ContentIntroCurve.uexp" 325
"../../../Engine/Content/VREditor/TransformGizmo/TranslucentTransformGizmoMaterial.uasset" 326
"../../../Engine/Content/VREditor/TransformGizmo/TranslucentTransformGizmoMaterial.uexp" 327
"../../../Engine/Content/VREditor/LaserPointer/VR_LaserPower_01.uasset" 328
"../../../Engine/Content/VREditor/LaserPointer/VR_LaserPower_01.uexp" 329
"../../../Engine/Content/VREditor/LaserPointer/VR_LaserPower_01.ubulk" 330
"../../../Engine/Content/VREditor/TransformGizmo/TransformGizmoMaterial.uasset" 331
"../../../Engine/Content/VREditor/TransformGizmo/TransformGizmoMaterial.uexp" 332
"../../../Engine/Content/VREditor/TransformGizmo/BoundingBoxCorner.uasset" 333
"../../../Engine/Content/VREditor/TransformGizmo/BoundingBoxCorner.uexp" 334
"../../../Engine/Content/VREditor/TransformGizmo/BoundingBoxEdge.uasset" 335
"../../../Engine/Content/VREditor/TransformGizmo/BoundingBoxEdge.uexp" 336
"../../../Engine/Content/VREditor/TransformGizmo/PlaneTranslationHandle.uasset" 337
"../../../Engine/Content/VREditor/TransformGizmo/PlaneTranslationHandle.uexp" 338
"../../../Engine/Content/VREditor/TransformGizmo/Xray.uasset" 339
"../../../Engine/Content/VREditor/TransformGizmo/Xray.uexp" 340
"../../../Engine/Content/VREditor/TransformGizmo/Main.uasset" 341
"../../../Engine/Content/VREditor/TransformGizmo/Main.uexp" 342
"../../../Engine/Content/VREditor/TransformGizmo/SM_Sequencer_Key.uasset" 343
"../../../Engine/Content/VREditor/TransformGizmo/SM_Sequencer_Key.uexp" 344
"../../../Engine/Content/VREditor/TransformGizmo/SM_Sequencer_Node.uasset" 345
"../../../Engine/Content/VREditor/TransformGizmo/SM_Sequencer_Node.uexp" 346
"../../../Engine/Plugins/2D/Paper2D/Content/PlaceholderTextures/DummySpriteTexture.uasset" 347
"../../../Engine/Plugins/2D/Paper2D/Content/PlaceholderTextures/DummySpriteTexture.uexp" 348
"../../../Engine/Plugins/2D/Paper2D/Content/PlaceholderTextures/DummySpriteTexture.ubulk" 349
"../../../Engine/Plugins/2D/Paper2D/Content/DummySprite.uasset" 350
"../../../Engine/Plugins/2D/Paper2D/Content/DummySprite.uexp" 351
"../../../Engine/Plugins/2D/Paper2D/Content/DefaultPaperTerrainMaterial.uasset" 352
"../../../Engine/Plugins/2D/Paper2D/Content/DefaultPaperTerrainMaterial.uexp" 353
"../../../Engine/Plugins/2D/Paper2D/Content/DefaultSpriteMaterial.uasset" 354
"../../../Engine/Plugins/2D/Paper2D/Content/DefaultSpriteMaterial.uexp" 355
"../../../Engine/Plugins/2D/Paper2D/Content/MaskedUnlitSpriteMaterial.uasset" 356
"../../../Engine/Plugins/2D/Paper2D/Content/MaskedUnlitSpriteMaterial.uexp" 357
"../../../Engine/Plugins/2D/Paper2D/Content/OpaqueUnlitSpriteMaterial.uasset" 358
"../../../Engine/Plugins/2D/Paper2D/Content/OpaqueUnlitSpriteMaterial.uexp" 359
"../../../Engine/Content/Functions/Engine_MaterialFunctions02/Utility/BreakOutFloat3Components.uasset" 360
"../../../Engine/Content/Functions/Engine_MaterialFunctions02/Utility/BreakOutFloat3Components.uexp" 361
"../../../Engine/Plugins/Editor/SpeedTreeImporter/Content/SpeedTree9/UnpackInteger3.uasset" 362
"../../../Engine/Plugins/Editor/SpeedTreeImporter/Content/SpeedTree9/UnpackInteger3.uexp" 363
"../../../Engine/Plugins/Editor/SpeedTreeImporter/Content/SpeedTree9/UnpackDirection.uasset" 364
"../../../Engine/Plugins/Editor/SpeedTreeImporter/Content/SpeedTree9/UnpackDirection.uexp" 365
"../../../Engine/Plugins/Editor/SpeedTreeImporter/Content/SpeedTree9/game_wind_noise.uasset" 366
"../../../Engine/Plugins/Editor/SpeedTreeImporter/Content/SpeedTree9/game_wind_noise.uexp" 367
"../../../Engine/Plugins/Editor/SpeedTreeImporter/Content/SpeedTree9/game_wind_noise.ubulk" 368
"../../../Engine/Content/Functions/Engine_MaterialFunctions02/SafeNormalize.uasset" 369
"../../../Engine/Content/Functions/Engine_MaterialFunctions02/SafeNormalize.uexp" 370
"../../../Engine/Plugins/Editor/SpeedTreeImporter/Content/SpeedTree9/SpeedTreeWindMotion.uasset" 371
"../../../Engine/Plugins/Editor/SpeedTreeImporter/Content/SpeedTree9/SpeedTreeWindMotion.uexp" 372
"../../../Engine/Plugins/Editor/SpeedTreeImporter/Content/SpeedTree9/SpeedTreeBranchMotion.uasset" 373
"../../../Engine/Plugins/Editor/SpeedTreeImporter/Content/SpeedTree9/SpeedTreeBranchMotion.uexp" 374
"../../../Engine/Content/Functions/Engine_MaterialFunctions02/ObjectLocalBounds.uasset" 375
"../../../Engine/Content/Functions/Engine_MaterialFunctions02/ObjectLocalBounds.uexp" 376
"../../../Engine/Content/Functions/Engine_MaterialFunctions02/UVs/BoundingBoxBased_0-1_UVW.uasset" 377
"../../../Engine/Content/Functions/Engine_MaterialFunctions02/UVs/BoundingBoxBased_0-1_UVW.uexp" 378
"../../../Engine/Content/Functions/Engine_MaterialFunctions02/Utility/VectorLength.uasset" 379
"../../../Engine/Content/Functions/Engine_MaterialFunctions02/Utility/VectorLength.uexp" 380
"../../../Engine/Content/Functions/Engine_MaterialFunctions02/WorldPositionOffset/ObjectScale.uasset" 381
"../../../Engine/Content/Functions/Engine_MaterialFunctions02/WorldPositionOffset/ObjectScale.uexp" 382
"../../../Engine/Plugins/Editor/SpeedTreeImporter/Content/SpeedTree9/SpeedTreeWind.uasset" 383
"../../../Engine/Plugins/Editor/SpeedTreeImporter/Content/SpeedTree9/SpeedTreeWind.uexp" 384
"../../../Engine/Plugins/Editor/SpeedTreeImporter/Content/SpeedTree9/SpeedTreeBillboard.uasset" 385
"../../../Engine/Plugins/Editor/SpeedTreeImporter/Content/SpeedTree9/SpeedTreeBillboard.uexp" 386
"../../../Engine/Plugins/Editor/SpeedTreeImporter/Content/SpeedTree9/EmptyNormal.uasset" 387
"../../../Engine/Plugins/Editor/SpeedTreeImporter/Content/SpeedTree9/EmptyNormal.uexp" 388
"../../../Engine/Plugins/Editor/SpeedTreeImporter/Content/SpeedTree9/Empty.uasset" 389
"../../../Engine/Plugins/Editor/SpeedTreeImporter/Content/SpeedTree9/Empty.uexp" 390
"../../../Engine/Plugins/Editor/SpeedTreeImporter/Content/SpeedTree9/SpeedTreeBillboardMaster.uasset" 391
"../../../Engine/Plugins/Editor/SpeedTreeImporter/Content/SpeedTree9/SpeedTreeBillboardMaster.uexp" 392
"../../../Engine/Plugins/Editor/SpeedTreeImporter/Content/SpeedTree9/SpeedTreeCameraFacing.uasset" 393
"../../../Engine/Plugins/Editor/SpeedTreeImporter/Content/SpeedTree9/SpeedTreeCameraFacing.uexp" 394
"../../../Engine/Plugins/Editor/SpeedTreeImporter/Content/SpeedTree9/SpeedTreeMaster.uasset" 395
"../../../Engine/Plugins/Editor/SpeedTreeImporter/Content/SpeedTree9/SpeedTreeMaster.uexp" 396
"../../../Engine/Content/BasicShapes/Cylinder.uasset" 397
"../../../Engine/Content/BasicShapes/Cylinder.uexp" 398
"../../../Engine/Content/ArtTools/RenderToTexture/Materials/Debug/M_Emissive_Color.uasset" 399
"../../../Engine/Content/ArtTools/RenderToTexture/Materials/Debug/M_Emissive_Color.uexp" 400
"../../../Engine/Plugins/Runtime/OpenXR/Content/Devices/GoogleDaydream/MRTexture.uasset" 401
"../../../Engine/Plugins/Runtime/OpenXR/Content/Devices/GoogleDaydream/MRTexture.uexp" 402
"../../../Engine/Plugins/Runtime/OpenXR/Content/Devices/GoogleDaydream/MRTexture.ubulk" 403
"../../../Engine/Plugins/Runtime/OpenXR/Content/Devices/GoogleDaydream/BaseTexture.uasset" 404
"../../../Engine/Plugins/Runtime/OpenXR/Content/Devices/GoogleDaydream/BaseTexture.uexp" 405
"../../../Engine/Plugins/Runtime/OpenXR/Content/Devices/GoogleDaydream/BaseTexture.ubulk" 406
"../../../Engine/Content/EngineResources/Black.uasset" 407
"../../../Engine/Content/EngineResources/Black.uexp" 408
"../../../Engine/Plugins/Runtime/OpenXR/Content/Devices/M_XRController.uasset" 409
"../../../Engine/Plugins/Runtime/OpenXR/Content/Devices/M_XRController.uexp" 410
"../../../Engine/Plugins/Runtime/OpenXR/Content/Devices/GoogleDaydream/MI_GoogleDaydream.uasset" 411
"../../../Engine/Plugins/Runtime/OpenXR/Content/Devices/GoogleDaydream/MI_GoogleDaydream.uexp" 412
"../../../Engine/Plugins/Runtime/OpenXR/Content/Devices/GoogleDaydream/GoogleDaydreamController.uasset" 413
"../../../Engine/Plugins/Runtime/OpenXR/Content/Devices/GoogleDaydream/GoogleDaydreamController.uexp" 414
"../../../Engine/Plugins/Runtime/OpenXR/Content/Devices/HTCVive/BaseTexture.uasset" 415
"../../../Engine/Plugins/Runtime/OpenXR/Content/Devices/HTCVive/BaseTexture.uexp" 416
"../../../Engine/Plugins/Runtime/OpenXR/Content/Devices/HTCVive/BaseTexture.ubulk" 417
"../../../Engine/Plugins/Runtime/OpenXR/Content/Devices/HTCVive/MI_HTCVive.uasset" 418
"../../../Engine/Plugins/Runtime/OpenXR/Content/Devices/HTCVive/MI_HTCVive.uexp" 419
"../../../Engine/Plugins/Runtime/OpenXR/Content/Devices/HTCVive/HTCViveController.uasset" 420
"../../../Engine/Plugins/Runtime/OpenXR/Content/Devices/HTCVive/HTCViveController.uexp" 421
"../../../Engine/Plugins/Runtime/OpenXR/Content/Devices/MicrosoftMixedReality/NormalTexture.uasset" 422
"../../../Engine/Plugins/Runtime/OpenXR/Content/Devices/MicrosoftMixedReality/NormalTexture.uexp" 423
"../../../Engine/Plugins/Runtime/OpenXR/Content/Devices/MicrosoftMixedReality/NormalTexture.ubulk" 424
"../../../Engine/Plugins/Runtime/OpenXR/Content/Devices/MicrosoftMixedReality/MRTexture.uasset" 425
"../../../Engine/Plugins/Runtime/OpenXR/Content/Devices/MicrosoftMixedReality/MRTexture.uexp" 426
"../../../Engine/Plugins/Runtime/OpenXR/Content/Devices/MicrosoftMixedReality/MRTexture.ubulk" 427
"../../../Engine/Plugins/Runtime/OpenXR/Content/Devices/MicrosoftMixedReality/EmissiveTexture.uasset" 428
"../../../Engine/Plugins/Runtime/OpenXR/Content/Devices/MicrosoftMixedReality/EmissiveTexture.uexp" 429
"../../../Engine/Plugins/Runtime/OpenXR/Content/Devices/MicrosoftMixedReality/EmissiveTexture.ubulk" 430
"../../../Engine/Plugins/Runtime/OpenXR/Content/Devices/MicrosoftMixedReality/BaseTexture.uasset" 431
"../../../Engine/Plugins/Runtime/OpenXR/Content/Devices/MicrosoftMixedReality/BaseTexture.uexp" 432
"../../../Engine/Plugins/Runtime/OpenXR/Content/Devices/MicrosoftMixedReality/BaseTexture.ubulk" 433
"../../../Engine/Plugins/Runtime/OpenXR/Content/Devices/MicrosoftMixedReality/MI_MicrosoftMixedReality.uasset" 434
"../../../Engine/Plugins/Runtime/OpenXR/Content/Devices/MicrosoftMixedReality/MI_MicrosoftMixedReality.uexp" 435
"../../../Engine/Plugins/Runtime/OpenXR/Content/Devices/MicrosoftMixedReality/Left/left_MicrosoftMixedRealityController.uasset" 436
"../../../Engine/Plugins/Runtime/OpenXR/Content/Devices/MicrosoftMixedReality/Left/left_MicrosoftMixedRealityController.uexp" 437
"../../../Engine/Plugins/Runtime/OpenXR/Content/Devices/MicrosoftMixedReality/Right/right_MicrosoftMixedRealityController.uasset" 438
"../../../Engine/Plugins/Runtime/OpenXR/Content/Devices/MicrosoftMixedReality/Right/right_MicrosoftMixedRealityController.uexp" 439
"../../../Engine/Plugins/Runtime/OpenXR/Content/Devices/OculusGo/BaseTexture.uasset" 440
"../../../Engine/Plugins/Runtime/OpenXR/Content/Devices/OculusGo/BaseTexture.uexp" 441
"../../../Engine/Plugins/Runtime/OpenXR/Content/Devices/OculusGo/BaseTexture.ubulk" 442
"../../../Engine/Plugins/Runtime/OpenXR/Content/Devices/OculusGo/MI_OculusGo.uasset" 443
"../../../Engine/Plugins/Runtime/OpenXR/Content/Devices/OculusGo/MI_OculusGo.uexp" 444
"../../../Engine/Plugins/Runtime/OpenXR/Content/Devices/OculusGo/OculusGoController.uasset" 445
"../../../Engine/Plugins/Runtime/OpenXR/Content/Devices/OculusGo/OculusGoController.uexp" 446
"../../../Engine/Plugins/Runtime/OpenXR/Content/Devices/OculusTouch/MRTexture.uasset" 447
"../../../Engine/Plugins/Runtime/OpenXR/Content/Devices/OculusTouch/MRTexture.uexp" 448
"../../../Engine/Plugins/Runtime/OpenXR/Content/Devices/OculusTouch/MRTexture.ubulk" 449
"../../../Engine/Plugins/Runtime/OpenXR/Content/Devices/OculusTouch/BaseTexture.uasset" 450
"../../../Engine/Plugins/Runtime/OpenXR/Content/Devices/OculusTouch/BaseTexture.uexp" 451
"../../../Engine/Plugins/Runtime/OpenXR/Content/Devices/OculusTouch/BaseTexture.ubulk" 452
"../../../Engine/Plugins/Runtime/OpenXR/Content/Devices/OculusTouch/MI_OculusTouch.uasset" 453
"../../../Engine/Plugins/Runtime/OpenXR/Content/Devices/OculusTouch/MI_OculusTouch.uexp" 454
"../../../Engine/Plugins/Runtime/OpenXR/Content/Devices/OculusTouch/Left/left_OculusTouchController.uasset" 455
"../../../Engine/Plugins/Runtime/OpenXR/Content/Devices/OculusTouch/Left/left_OculusTouchController.uexp" 456
"../../../Engine/Plugins/Runtime/OpenXR/Content/Devices/OculusTouch/Right/right_OculusTouchController.uasset" 457
"../../../Engine/Plugins/Runtime/OpenXR/Content/Devices/OculusTouch/Right/right_OculusTouchController.uexp" 458
"../../../Engine/Plugins/Runtime/OpenXR/Content/Devices/OculusTouch_v2/MRTexture.uasset" 459
"../../../Engine/Plugins/Runtime/OpenXR/Content/Devices/OculusTouch_v2/MRTexture.uexp" 460
"../../../Engine/Plugins/Runtime/OpenXR/Content/Devices/OculusTouch_v2/MRTexture.ubulk" 461
"../../../Engine/Plugins/Runtime/OpenXR/Content/Devices/OculusTouch_v2/BaseTexture.uasset" 462
"../../../Engine/Plugins/Runtime/OpenXR/Content/Devices/OculusTouch_v2/BaseTexture.uexp" 463
"../../../Engine/Plugins/Runtime/OpenXR/Content/Devices/OculusTouch_v2/BaseTexture.ubulk" 464
"../../../Engine/Plugins/Runtime/OpenXR/Content/Devices/OculusTouch_v2/MI_OculusTouch_v2.uasset" 465
"../../../Engine/Plugins/Runtime/OpenXR/Content/Devices/OculusTouch_v2/MI_OculusTouch_v2.uexp" 466
"../../../Engine/Plugins/Runtime/OpenXR/Content/Devices/OculusTouch_v2/Left/left_OculusTouch_v2Controller.uasset" 467
"../../../Engine/Plugins/Runtime/OpenXR/Content/Devices/OculusTouch_v2/Left/left_OculusTouch_v2Controller.uexp" 468
"../../../Engine/Plugins/Runtime/OpenXR/Content/Devices/OculusTouch_v2/Right/right_OculusTouch_v2Controller.uasset" 469
"../../../Engine/Plugins/Runtime/OpenXR/Content/Devices/OculusTouch_v2/Right/right_OculusTouch_v2Controller.uexp" 470
"../../../Engine/Plugins/Runtime/OpenXR/Content/Devices/OculusTouch_v3/MRTexture.uasset" 471
"../../../Engine/Plugins/Runtime/OpenXR/Content/Devices/OculusTouch_v3/MRTexture.uexp" 472
"../../../Engine/Plugins/Runtime/OpenXR/Content/Devices/OculusTouch_v3/MRTexture.ubulk" 473
"../../../Engine/Plugins/Runtime/OpenXR/Content/Devices/OculusTouch_v3/BaseTexture.uasset" 474
"../../../Engine/Plugins/Runtime/OpenXR/Content/Devices/OculusTouch_v3/BaseTexture.uexp" 475
"../../../Engine/Plugins/Runtime/OpenXR/Content/Devices/OculusTouch_v3/BaseTexture.ubulk" 476
"../../../Engine/Plugins/Runtime/OpenXR/Content/Devices/OculusTouch_v3/MI_OculusTouch_v3.uasset" 477
"../../../Engine/Plugins/Runtime/OpenXR/Content/Devices/OculusTouch_v3/MI_OculusTouch_v3.uexp" 478
"../../../Engine/Plugins/Runtime/OpenXR/Content/Devices/OculusTouch_v3/Left/left_OculusTouch_v3Controller.uasset" 479
"../../../Engine/Plugins/Runtime/OpenXR/Content/Devices/OculusTouch_v3/Left/left_OculusTouch_v3Controller.uexp" 480
"../../../Engine/Plugins/Runtime/OpenXR/Content/Devices/OculusTouch_v3/Right/right_OculusTouch_v3Controller.uasset" 481
"../../../Engine/Plugins/Runtime/OpenXR/Content/Devices/OculusTouch_v3/Right/right_OculusTouch_v3Controller.uexp" 482
"../../../Engine/Plugins/Runtime/OpenXR/Content/Devices/ValveIndex/MRTexture.uasset" 483
"../../../Engine/Plugins/Runtime/OpenXR/Content/Devices/ValveIndex/MRTexture.uexp" 484
"../../../Engine/Plugins/Runtime/OpenXR/Content/Devices/ValveIndex/MRTexture.ubulk" 485
"../../../Engine/Plugins/Runtime/OpenXR/Content/Devices/ValveIndex/BaseTexture.uasset" 486
"../../../Engine/Plugins/Runtime/OpenXR/Content/Devices/ValveIndex/BaseTexture.uexp" 487
"../../../Engine/Plugins/Runtime/OpenXR/Content/Devices/ValveIndex/BaseTexture.ubulk" 488
"../../../Engine/Plugins/Runtime/OpenXR/Content/Devices/ValveIndex/Left/MI_left_ValveIndex.uasset" 489
"../../../Engine/Plugins/Runtime/OpenXR/Content/Devices/ValveIndex/Left/MI_left_ValveIndex.uexp" 490
"../../../Engine/Plugins/Runtime/OpenXR/Content/Devices/ValveIndex/Left/left_ValveIndexController.uasset" 491
"../../../Engine/Plugins/Runtime/OpenXR/Content/Devices/ValveIndex/Left/left_ValveIndexController.uexp" 492
"../../../Engine/Plugins/Runtime/OpenXR/Content/Devices/ValveIndex/Right/MI_right_ValveIndex.uasset" 493
"../../../Engine/Plugins/Runtime/OpenXR/Content/Devices/ValveIndex/Right/MI_right_ValveIndex.uexp" 494
"../../../Engine/Plugins/Runtime/OpenXR/Content/Devices/ValveIndex/Right/right_ValveIndexController.uasset" 495
"../../../Engine/Plugins/Runtime/OpenXR/Content/Devices/ValveIndex/Right/right_ValveIndexController.uexp" 496
"../../../Engine/Content/Functions/Engine_MaterialFunctions02/Utility/BreakOutFloat4Components.uasset" 497
"../../../Engine/Content/Functions/Engine_MaterialFunctions02/Utility/BreakOutFloat4Components.uexp" 498
"../../../Engine/Content/Functions/Engine_MaterialFunctions02/Utility/MakeFloat3.uasset" 499
"../../../Engine/Content/Functions/Engine_MaterialFunctions02/Utility/MakeFloat3.uexp" 500
"../../../Engine/Plugins/Runtime/Oculus/OculusVR/Content/Materials/OculusMR_ChromaKey.uasset" 501
"../../../Engine/Plugins/Runtime/Oculus/OculusVR/Content/Materials/OculusMR_ChromaKey.uexp" 502
"../../../Engine/Plugins/Runtime/Oculus/OculusVR/Content/Materials/OculusMR_OpaqueColoredMaterial.uasset" 503
"../../../Engine/Plugins/Runtime/Oculus/OculusVR/Content/Materials/OculusMR_OpaqueColoredMaterial.uexp" 504
"../../../Engine/Plugins/Runtime/Oculus/OculusVR/Content/Materials/PokeAHoleMaterial.uasset" 505
"../../../Engine/Plugins/Runtime/Oculus/OculusVR/Content/Materials/PokeAHoleMaterial.uexp" 506
"../../../Engine/Plugins/Runtime/Oculus/OculusVR/Content/Textures/touchController_controlmap.uasset" 507
"../../../Engine/Plugins/Runtime/Oculus/OculusVR/Content/Textures/touchController_controlmap.uexp" 508
"../../../Engine/Plugins/Runtime/Oculus/OculusVR/Content/Textures/touchController_controlmap.ubulk" 509
"../../../Engine/Plugins/Runtime/Oculus/OculusVR/Content/Textures/touchController_albedo.uasset" 510
"../../../Engine/Plugins/Runtime/Oculus/OculusVR/Content/Textures/touchController_albedo.uexp" 511
"../../../Engine/Plugins/Runtime/Oculus/OculusVR/Content/Textures/touchController_albedo.ubulk" 512
"../../../Engine/Plugins/Runtime/Oculus/OculusVR/Content/Materials/touchController_mat.uasset" 513
"../../../Engine/Plugins/Runtime/Oculus/OculusVR/Content/Materials/touchController_mat.uexp" 514
"../../../Engine/Plugins/Runtime/Oculus/OculusVR/Content/Meshes/LeftTouchController.uasset" 515
"../../../Engine/Plugins/Runtime/Oculus/OculusVR/Content/Meshes/LeftTouchController.uexp" 516
"../../../Engine/Plugins/Runtime/Oculus/OculusVR/Content/Textures/TouchForQuestRiftSController_albedo.uasset" 517
"../../../Engine/Plugins/Runtime/Oculus/OculusVR/Content/Textures/TouchForQuestRiftSController_albedo.uexp" 518
"../../../Engine/Plugins/Runtime/Oculus/OculusVR/Content/Textures/TouchForQuestRiftSController_albedo.ubulk" 519
"../../../Engine/Plugins/Runtime/Oculus/OculusVR/Content/Materials/TouchForQuestRiftSControllerMaterial.uasset" 520
"../../../Engine/Plugins/Runtime/Oculus/OculusVR/Content/Materials/TouchForQuestRiftSControllerMaterial.uexp" 521
"../../../Engine/Plugins/Runtime/Oculus/OculusVR/Content/Meshes/LeftTouchForQuestRiftSController.uasset" 522
"../../../Engine/Plugins/Runtime/Oculus/OculusVR/Content/Meshes/LeftTouchForQuestRiftSController.uexp" 523
"../../../Engine/Plugins/Runtime/Oculus/OculusVR/Content/Meshes/RiftHMD.uasset" 524
"../../../Engine/Plugins/Runtime/Oculus/OculusVR/Content/Meshes/RiftHMD.uexp" 525
"../../../Engine/Plugins/Runtime/Oculus/OculusVR/Content/Meshes/RightTouchController.uasset" 526
"../../../Engine/Plugins/Runtime/Oculus/OculusVR/Content/Meshes/RightTouchController.uexp" 527
"../../../Engine/Plugins/Runtime/Oculus/OculusVR/Content/Meshes/RightTouchForQuestRiftSController.uasset" 528
"../../../Engine/Plugins/Runtime/Oculus/OculusVR/Content/Meshes/RightTouchForQuestRiftSController.uexp" 529
"../../../Engine/Content/EngineSky/T_Sky_Stars.uasset" 530
"../../../Engine/Content/EngineSky/T_Sky_Stars.uexp" 531
"../../../Engine/Content/EngineSky/T_Sky_Stars.ubulk" 532
"../../../Engine/Content/EngineSky/T_Sky_Clouds_M.uasset" 533
"../../../Engine/Content/EngineSky/T_Sky_Clouds_M.uexp" 534
"../../../Engine/Content/EngineSky/T_Sky_Clouds_M.ubulk" 535
"../../../Engine/Content/EngineSky/T_Sky_Blue.uasset" 536
"../../../Engine/Content/EngineSky/T_Sky_Blue.uexp" 537
"../../../Engine/Content/EngineSky/T_Sky_Blue.ubulk" 538
"../../../Engine/Content/EngineSky/M_Sky_Panning_Clouds2.uasset" 539
"../../../Engine/Content/EngineSky/M_Sky_Panning_Clouds2.uexp" 540
"C:/Users/Cameron/Documents/mobile/unreal_app/bird_away/Content/Maps/01testing_BuiltData.uasset" 541
"C:/Users/Cameron/Documents/mobile/unreal_app/bird_away/Content/Maps/01testing_BuiltData.uexp" 542
"../../../Engine/Content/EditorBlueprintResources/StandardMacros.uasset" 543
"../../../Engine/Content/EditorBlueprintResources/StandardMacros.uexp" 544
"../../../Engine/Content/EngineSky/SM_SkySphere.uasset" 545
"../../../Engine/Content/EngineSky/SM_SkySphere.uexp" 546
"../../../Engine/Content/EngineSky/C_Sky_Zenith_Color.uasset" 547
"../../../Engine/Content/EngineSky/C_Sky_Zenith_Color.uexp" 548
"../../../Engine/Content/EngineSky/C_Sky_Horizon_Color.uasset" 549
"../../../Engine/Content/EngineSky/C_Sky_Horizon_Color.uexp" 550
"../../../Engine/Content/EngineSky/C_Sky_Cloud_Color.uasset" 551
"../../../Engine/Content/EngineSky/C_Sky_Cloud_Color.uexp" 552
"../../../Engine/Content/EngineSky/BP_Sky_Sphere.uasset" 553
"../../../Engine/Content/EngineSky/BP_Sky_Sphere.uexp" 554
"C:/Users/Cameron/Documents/mobile/unreal_app/bird_away/Content/Floortiles/textures/ground.uasset" 555
"C:/Users/Cameron/Documents/mobile/unreal_app/bird_away/Content/Floortiles/textures/ground.uexp" 556
"C:/Users/Cameron/Documents/mobile/unreal_app/bird_away/Content/Floortiles/textures/Tile.uasset" 557
"C:/Users/Cameron/Documents/mobile/unreal_app/bird_away/Content/Floortiles/textures/Tile.uexp" 558
"../../../Engine/Content/BasicShapes/Cube.uasset" 559
"../../../Engine/Content/BasicShapes/Cube.uexp" 560
"C:/Users/Cameron/Documents/mobile/unreal_app/bird_away/Content/Floortiles/textures/tilefloor.uasset" 561
"C:/Users/Cameron/Documents/mobile/unreal_app/bird_away/Content/Floortiles/textures/tilefloor.uexp" 562
"../../../Engine/Content/BasicShapes/BasicShapeMaterial.uasset" 563
"../../../Engine/Content/BasicShapes/BasicShapeMaterial.uexp" 564
"C:/Users/Cameron/Documents/mobile/unreal_app/bird_away/Content/Mannequin/Character/Textures/UE4Man_Logo_N.uasset" 565
"C:/Users/Cameron/Documents/mobile/unreal_app/bird_away/Content/Mannequin/Character/Textures/UE4Man_Logo_N.uexp" 566
"C:/Users/Cameron/Documents/mobile/unreal_app/bird_away/Content/Mannequin/Character/Textures/UE4Man_Logo_N.ubulk" 567
"C:/Users/Cameron/Documents/mobile/unreal_app/bird_away/Content/Mannequin/Character/Textures/T_UE4_Mannequin_Mobile_N.uasset" 568
"C:/Users/Cameron/Documents/mobile/unreal_app/bird_away/Content/Mannequin/Character/Textures/T_UE4_Mannequin_Mobile_N.uexp" 569
"C:/Users/Cameron/Documents/mobile/unreal_app/bird_away/Content/Mannequin/Character/Textures/T_UE4_Mannequin_Mobile_N.ubulk" 570
"C:/Users/Cameron/Documents/mobile/unreal_app/bird_away/Content/Mannequin/Character/Textures/T_UE4_Mannequin_Mobile_M.uasset" 571
"C:/Users/Cameron/Documents/mobile/unreal_app/bird_away/Content/Mannequin/Character/Textures/T_UE4_Mannequin_Mobile_M.uexp" 572
"C:/Users/Cameron/Documents/mobile/unreal_app/bird_away/Content/Mannequin/Character/Textures/T_UE4_Mannequin_Mobile_M.ubulk" 573
"C:/Users/Cameron/Documents/mobile/unreal_app/bird_away/Content/Mannequin/Character/Materials/MaterialLayers/T_ML_Aluminum01.uasset" 574
"C:/Users/Cameron/Documents/mobile/unreal_app/bird_away/Content/Mannequin/Character/Materials/MaterialLayers/T_ML_Aluminum01.uexp" 575
"C:/Users/Cameron/Documents/mobile/unreal_app/bird_away/Content/Mannequin/Character/Materials/MaterialLayers/T_ML_Aluminum01.ubulk" 576
"C:/Users/Cameron/Documents/mobile/unreal_app/bird_away/Content/Mannequin/Character/Materials/MaterialLayers/T_ML_Aluminum01_N.uasset" 577
"C:/Users/Cameron/Documents/mobile/unreal_app/bird_away/Content/Mannequin/Character/Materials/MaterialLayers/T_ML_Aluminum01_N.uexp" 578
"C:/Users/Cameron/Documents/mobile/unreal_app/bird_away/Content/Mannequin/Character/Materials/MaterialLayers/T_ML_Aluminum01_N.ubulk" 579
"C:/Users/Cameron/Documents/mobile/unreal_app/bird_away/Content/Mannequin/Character/Materials/MaterialLayers/ML_SoftMetal_UE4.uasset" 580
"C:/Users/Cameron/Documents/mobile/unreal_app/bird_away/Content/Mannequin/Character/Materials/MaterialLayers/ML_SoftMetal_UE4.uexp" 581
"C:/Users/Cameron/Documents/mobile/unreal_app/bird_away/Content/Mannequin/Character/Textures/UE4_LOGO_CARD.uasset" 582
"C:/Users/Cameron/Documents/mobile/unreal_app/bird_away/Content/Mannequin/Character/Textures/UE4_LOGO_CARD.uexp" 583
"C:/Users/Cameron/Documents/mobile/unreal_app/bird_away/Content/Mannequin/Character/Textures/UE4_LOGO_CARD.ubulk" 584
"C:/Users/Cameron/Documents/mobile/unreal_app/bird_away/Content/Mannequin/Character/Materials/MaterialLayers/ML_Plastic_Shiny_Beige_LOGO.uasset" 585
"C:/Users/Cameron/Documents/mobile/unreal_app/bird_away/Content/Mannequin/Character/Materials/MaterialLayers/ML_Plastic_Shiny_Beige_LOGO.uexp" 586
"C:/Users/Cameron/Documents/mobile/unreal_app/bird_away/Content/Mannequin/Character/Materials/MaterialLayers/ML_Plastic_Shiny_Beige.uasset" 587
"C:/Users/Cameron/Documents/mobile/unreal_app/bird_away/Content/Mannequin/Character/Materials/MaterialLayers/ML_Plastic_Shiny_Beige.uexp" 588
"C:/Users/Cameron/Documents/mobile/unreal_app/bird_away/Content/Mannequin/Character/Materials/MaterialLayers/T_ML_Rubber_Blue_01_N.uasset" 589
"C:/Users/Cameron/Documents/mobile/unreal_app/bird_away/Content/Mannequin/Character/Materials/MaterialLayers/T_ML_Rubber_Blue_01_N.uexp" 590
"C:/Users/Cameron/Documents/mobile/unreal_app/bird_away/Content/Mannequin/Character/Materials/MaterialLayers/T_ML_Rubber_Blue_01_N.ubulk" 591
"C:/Users/Cameron/Documents/mobile/unreal_app/bird_away/Content/Mannequin/Character/Materials/MaterialLayers/T_ML_Rubber_Blue_01_D.uasset" 592
"C:/Users/Cameron/Documents/mobile/unreal_app/bird_away/Content/Mannequin/Character/Materials/MaterialLayers/T_ML_Rubber_Blue_01_D.uexp" 593
"C:/Users/Cameron/Documents/mobile/unreal_app/bird_away/Content/Mannequin/Character/Materials/MaterialLayers/T_ML_Rubber_Blue_01_D.ubulk" 594
"C:/Users/Cameron/Documents/mobile/unreal_app/bird_away/Content/Mannequin/Character/Materials/MaterialLayers/ML_GlossyBlack_Latex_UE4.uasset" 595
"C:/Users/Cameron/Documents/mobile/unreal_app/bird_away/Content/Mannequin/Character/Materials/MaterialLayers/ML_GlossyBlack_Latex_UE4.uexp" 596
"../../../Engine/Content/Functions/MaterialLayerFunctions/MatLayerBlend_Simple.uasset" 597
"../../../Engine/Content/Functions/MaterialLayerFunctions/MatLayerBlend_Simple.uexp" 598
"../../../Engine/Content/Functions/Engine_MaterialFunctions02/Utility/BlendAngleCorrectedNormals.uasset" 599
"../../../Engine/Content/Functions/Engine_MaterialFunctions02/Utility/BlendAngleCorrectedNormals.uexp" 600
"../../../Engine/Content/Functions/MaterialLayerFunctions/MatLayerBlend_NormalBlend.uasset" 601
"../../../Engine/Content/Functions/MaterialLayerFunctions/MatLayerBlend_NormalBlend.uexp" 602
"C:/Users/Cameron/Documents/mobile/unreal_app/bird_away/Content/Mannequin/Character/Materials/M_UE4Man_Body.uasset" 603
"C:/Users/Cameron/Documents/mobile/unreal_app/bird_away/Content/Mannequin/Character/Materials/M_UE4Man_Body.uexp" 604
"C:/Users/Cameron/Documents/mobile/unreal_app/bird_away/Content/Mannequin/Character/Materials/M_UE4Man_ChestLogo.uasset" 605
"C:/Users/Cameron/Documents/mobile/unreal_app/bird_away/Content/Mannequin/Character/Materials/M_UE4Man_ChestLogo.uexp" 606
"C:/Users/Cameron/Documents/mobile/unreal_app/bird_away/Content/Mannequin/Character/Mesh/SK_Mannequin.uasset" 607
"C:/Users/Cameron/Documents/mobile/unreal_app/bird_away/Content/Mannequin/Character/Mesh/SK_Mannequin.uexp" 608
"C:/Users/Cameron/Documents/mobile/unreal_app/bird_away/Content/Mannequin/Animations/ThirdPersonWalk.uasset" 609
"C:/Users/Cameron/Documents/mobile/unreal_app/bird_away/Content/Mannequin/Animations/ThirdPersonWalk.uexp" 610
"C:/Users/Cameron/Documents/mobile/unreal_app/bird_away/Content/Mannequin/Animations/ThirdPersonRun.uasset" 611
"C:/Users/Cameron/Documents/mobile/unreal_app/bird_away/Content/Mannequin/Animations/ThirdPersonRun.uexp" 612
"C:/Users/Cameron/Documents/mobile/unreal_app/bird_away/Content/Mannequin/Animations/ThirdPersonIdle.uasset" 613
"C:/Users/Cameron/Documents/mobile/unreal_app/bird_away/Content/Mannequin/Animations/ThirdPersonIdle.uexp" 614
"C:/Users/Cameron/Documents/mobile/unreal_app/bird_away/Content/Mannequin/Animations/ThirdPerson_IdleRun_2D.uasset" 615
"C:/Users/Cameron/Documents/mobile/unreal_app/bird_away/Content/Mannequin/Animations/ThirdPerson_IdleRun_2D.uexp" 616
"C:/Users/Cameron/Documents/mobile/unreal_app/bird_away/Content/Mannequin/Animations/ThirdPersonJump_Start.uasset" 617
"C:/Users/Cameron/Documents/mobile/unreal_app/bird_away/Content/Mannequin/Animations/ThirdPersonJump_Start.uexp" 618
"C:/Users/Cameron/Documents/mobile/unreal_app/bird_away/Content/Mannequin/Animations/ThirdPersonJump_Loop.uasset" 619
"C:/Users/Cameron/Documents/mobile/unreal_app/bird_away/Content/Mannequin/Animations/ThirdPersonJump_Loop.uexp" 620
"C:/Users/Cameron/Documents/mobile/unreal_app/bird_away/Content/Mannequin/Animations/ThirdPersonJump_End.uasset" 621
"C:/Users/Cameron/Documents/mobile/unreal_app/bird_away/Content/Mannequin/Animations/ThirdPersonJump_End.uexp" 622
"C:/Users/Cameron/Documents/mobile/unreal_app/bird_away/Content/Mannequin/Animations/ThirdPerson_AnimBP.uasset" 623
"C:/Users/Cameron/Documents/mobile/unreal_app/bird_away/Content/Mannequin/Animations/ThirdPerson_AnimBP.uexp" 624
"C:/Users/Cameron/Documents/mobile/unreal_app/bird_away/Content/ThirdPerson/Meshes/RampMaterial.uasset" 625
"C:/Users/Cameron/Documents/mobile/unreal_app/bird_away/Content/ThirdPerson/Meshes/RampMaterial.uexp" 626
"C:/Users/Cameron/Documents/mobile/unreal_app/bird_away/Content/Floortiles/textures/pipe.uasset" 627
"C:/Users/Cameron/Documents/mobile/unreal_app/bird_away/Content/Floortiles/textures/pipe.uexp" 628
"C:/Users/Cameron/Documents/mobile/unreal_app/bird_away/Content/Floortiles/textures/pipe_Mat.uasset" 629
"C:/Users/Cameron/Documents/mobile/unreal_app/bird_away/Content/Floortiles/textures/pipe_Mat.uexp" 630
"C:/Users/Cameron/Documents/mobile/unreal_app/bird_away/Content/Floortiles/Obstacle/WALL.uasset" 631
"C:/Users/Cameron/Documents/mobile/unreal_app/bird_away/Content/Floortiles/Obstacle/WALL.uexp" 632
"C:/Users/Cameron/Documents/mobile/unreal_app/bird_away/Content/Floortiles/Obstacle/Pipe.uasset" 633
"C:/Users/Cameron/Documents/mobile/unreal_app/bird_away/Content/Floortiles/Obstacle/Pipe.uexp" 634
"../../../Engine/Content/BasicShapes/Sphere.uasset" 635
"../../../Engine/Content/BasicShapes/Sphere.uexp" 636
"C:/Users/Cameron/Documents/mobile/unreal_app/bird_away/Content/Floortiles/textures/coin.uasset" 637
"C:/Users/Cameron/Documents/mobile/unreal_app/bird_away/Content/Floortiles/textures/coin.uexp" 638
"C:/Users/Cameron/Documents/mobile/unreal_app/bird_away/Content/Floortiles/Coin/coin_pickup.uasset" 639
"C:/Users/Cameron/Documents/mobile/unreal_app/bird_away/Content/Floortiles/Coin/coin_pickup.uexp" 640
"C:/Users/Cameron/Documents/mobile/unreal_app/bird_away/Content/Floortiles/Blueprints/SpawnPlayer.uasset" 641
"C:/Users/Cameron/Documents/mobile/unreal_app/bird_away/Content/Floortiles/Blueprints/SpawnPlayer.uexp" 642
"C:/Users/Cameron/Documents/mobile/unreal_app/bird_away/Content/ThirdPersonBP/Blueprints/ThirdPersonGameMode.uasset" 643
"C:/Users/Cameron/Documents/mobile/unreal_app/bird_away/Content/ThirdPersonBP/Blueprints/ThirdPersonGameMode.uexp" 644
"C:/Users/Cameron/Documents/mobile/unreal_app/bird_away/Content/Floortiles/Blueprints/HUD.uasset" 645
"C:/Users/Cameron/Documents/mobile/unreal_app/bird_away/Content/Floortiles/Blueprints/HUD.uexp" 646
"C:/Users/Cameron/Documents/mobile/unreal_app/bird_away/Content/Floortiles/Blueprints/GAME_OVER.uasset" 647
"C:/Users/Cameron/Documents/mobile/unreal_app/bird_away/Content/Floortiles/Blueprints/GAME_OVER.uexp" 648
"C:/Users/Cameron/Documents/mobile/unreal_app/bird_away/Content/ThirdPersonBP/Blueprints/ThirdPersonCharacter.uasset" 649
"C:/Users/Cameron/Documents/mobile/unreal_app/bird_away/Content/ThirdPersonBP/Blueprints/ThirdPersonCharacter.uexp" 650
"C:/Users/Cameron/Documents/mobile/unreal_app/bird_away/Content/Floortiles/Blueprints/Tile.uasset" 651
"C:/Users/Cameron/Documents/mobile/unreal_app/bird_away/Content/Floortiles/Blueprints/Tile.uexp" 652
"C:/Users/Cameron/Documents/mobile/unreal_app/bird_away/Content/Maps/01testing.uexp" 653
"C:/Users/Cameron/Documents/mobile/unreal_app/bird_away/Content/Maps/01testing.umap" 654
"C:/Users/Cameron/Documents/mobile/unreal_app/bird_away/Content/ThirdPersonBP/Maps/ThirdPersonExampleMap_BuiltData.uasset" 655
"C:/Users/Cameron/Documents/mobile/unreal_app/bird_away/Content/ThirdPersonBP/Maps/ThirdPersonExampleMap_BuiltData.uexp" 656
"C:/Users/Cameron/Documents/mobile/unreal_app/bird_away/Content/ThirdPersonBP/Maps/ThirdPersonExampleMap_BuiltData.ubulk" 657
"C:/Users/Cameron/Documents/mobile/unreal_app/bird_away/Content/ThirdPerson/Meshes/RightArm_StaticMesh.uasset" 658
"C:/Users/Cameron/Documents/mobile/unreal_app/bird_away/Content/ThirdPerson/Meshes/RightArm_StaticMesh.uexp" 659
"C:/Users/Cameron/Documents/mobile/unreal_app/bird_away/Content/ThirdPerson/Meshes/Ramp_StaticMesh.uasset" 660
"C:/Users/Cameron/Documents/mobile/unreal_app/bird_away/Content/ThirdPerson/Meshes/Ramp_StaticMesh.uexp" 661
"C:/Users/Cameron/Documents/mobile/unreal_app/bird_away/Content/ThirdPerson/Meshes/Linear_Stair_StaticMesh.uasset" 662
"C:/Users/Cameron/Documents/mobile/unreal_app/bird_away/Content/ThirdPerson/Meshes/Linear_Stair_StaticMesh.uexp" 663
"C:/Users/Cameron/Documents/mobile/unreal_app/bird_away/Content/ThirdPerson/Meshes/LeftArm_StaticMesh.uasset" 664
"C:/Users/Cameron/Documents/mobile/unreal_app/bird_away/Content/ThirdPerson/Meshes/LeftArm_StaticMesh.uexp" 665
"C:/Users/Cameron/Documents/mobile/unreal_app/bird_away/Content/ThirdPerson/Meshes/Bump_StaticMesh.uasset" 666
"C:/Users/Cameron/Documents/mobile/unreal_app/bird_away/Content/ThirdPerson/Meshes/Bump_StaticMesh.uexp" 667
"C:/Users/Cameron/Documents/mobile/unreal_app/bird_away/Content/Geometry/Meshes/CubeMaterial.uasset" 668
"C:/Users/Cameron/Documents/mobile/unreal_app/bird_away/Content/Geometry/Meshes/CubeMaterial.uexp" 669
"C:/Users/Cameron/Documents/mobile/unreal_app/bird_away/Content/Geometry/Meshes/TemplateFloor.uasset" 670
"C:/Users/Cameron/Documents/mobile/unreal_app/bird_away/Content/Geometry/Meshes/TemplateFloor.uexp" 671
"C:/Users/Cameron/Documents/mobile/unreal_app/bird_away/Content/Geometry/Meshes/1M_Cube_Chamfer.uasset" 672
"C:/Users/Cameron/Documents/mobile/unreal_app/bird_away/Content/Geometry/Meshes/1M_Cube_Chamfer.uexp" 673
"C:/Users/Cameron/Documents/mobile/unreal_app/bird_away/Content/Geometry/Meshes/1M_Cube.uasset" 674
"C:/Users/Cameron/Documents/mobile/unreal_app/bird_away/Content/Geometry/Meshes/1M_Cube.uexp" 675
"C:/Users/Cameron/Documents/mobile/unreal_app/bird_away/Content/ThirdPersonBP/Maps/ThirdPersonExampleMap.uexp" 676
"C:/Users/Cameron/Documents/mobile/unreal_app/bird_away/Content/ThirdPersonBP/Maps/ThirdPersonExampleMap.umap" 677
"../../../Engine/Content/Maps/Entry_BuiltData.uasset" 678
"../../../Engine/Content/Maps/Entry_BuiltData.uexp" 679
"../../../Engine/Content/Maps/Entry.uexp" 680
"../../../Engine/Content/Maps/Entry.umap" 681
